[2026-05-04 15:16:16,854] ============================================================
[2026-05-04 15:16:16,854] 🧬  Iron Wall 持續演化訓練引擎啟動
[2026-05-04 15:16:16,854]     目標代數: 10  跳過資料重建: False
[2026-05-04 15:16:16,854] ============================================================
[2026-05-04 15:16:16,854] ── 階段 0：資料準備 ──────────────────────────────
[2026-05-04 15:16:16,872] 讀取歷史數據...
[2026-05-04 15:16:17,002] 計算 M15 特徵...
[2026-05-04 15:16:17,021] 計算 M5 基礎與 PPT 專家特徵...
[2026-05-04 15:16:18,411] 📊 標籤統計 → 多單自然勝率: 51.7%  空單自然勝率: 51.9%
[2026-05-04 15:16:18,422] --- 附加階段分類標籤 (2/3/4-1/4-2 階) ---
[2026-05-04 15:16:18,489] 📊 階段分佈 → 無訊號: 16,855  2階: 322  3階: 287  4-1階: 27  4-2階: 472
[2026-05-04 15:16:19,471] ✅ 資料集建立完成！54 維特徵，TP=5.0/SL=5.0 固定標籤。
   階段分佈: {0: 16855, 42: 472, 2: 322, 3: 287, 41: 27}
[2026-05-04 15:16:19,480] 📂 載入資料集...
[2026-05-04 15:16:19,727]    資料筆數: 17,963  特徵維度: 54
[2026-05-04 15:16:19,727] 
━━━━━━━━━━━━━━━━━━━━━━━━━━━━━━━━━━━━━━━━━━━━━━━━━━━━━━━━━━━━
[2026-05-04 15:16:19,728] 🔁  Generation 1 / 10  [15:16:19]
[2026-05-04 15:16:19,728] ━━━━━━━━━━━━━━━━━━━━━━━━━━━━━━━━━━━━━━━━━━━━━━━━━━━━━━━━━━━━
[2026-05-04 15:16:19,728] ── 訓練 ──
[2026-05-04 15:16:19,728]   訓練樣本: 14,370  驗證: 3,593  平均權重: 1.043
[2026-05-04 15:16:21,702]   [多單] 準確率:68.6%  精確率:69.7%  AUC:75.4%
[2026-05-04 15:16:23,391]   [空單] 準確率:67.7%  精確率:64.8%  AUC:75.6%
[2026-05-04 15:16:23,460] ── 快速回測 ──
[2026-05-04 15:16:23,560]   快速回測 → 多單: 77.5% (730筆)  空單: 73.5% (1541筆)
[2026-05-04 15:16:23,566]   各階段勝率: {0: '74.6%(2111)', 2: '73.0%(37)', 3: '75.9%(29)', 41: '75.0%(4)', 42: '80.0%(90)'}
[2026-05-04 15:16:23,568] ── 反饋調整 ──
[2026-05-04 15:16:23,571]   全局勝率優秀，整體權重小幅提升 +2%
[2026-05-04 15:16:23,571]   Stage 0 勝率=74.6% 優秀 → 樣本加權 ×1.5
[2026-05-04 15:16:23,572]   Stage 2 勝率=73.0% 優秀 → 樣本加權 ×1.5
[2026-05-04 15:16:23,572]   Stage 3 勝率=75.9% 優秀 → 樣本加權 ×1.5
[2026-05-04 15:16:23,572]   Stage 42 勝率=80.0% 優秀 → 樣本加權 ×1.5
[2026-05-04 15:16:23,573]   本代耗時: 3.8s
[2026-05-04 15:16:23,574] 
━━━━━━━━━━━━━━━━━━━━━━━━━━━━━━━━━━━━━━━━━━━━━━━━━━━━━━━━━━━━
[2026-05-04 15:16:23,574] 🔁  Generation 2 / 10  [15:16:23]
[2026-05-04 15:16:23,575] ━━━━━━━━━━━━━━━━━━━━━━━━━━━━━━━━━━━━━━━━━━━━━━━━━━━━━━━━━━━━
[2026-05-04 15:16:23,576] ── 訓練 ──
[2026-05-04 15:16:23,583]   訓練樣本: 14,370  驗證: 3,593  平均權重: 1.594
[2026-05-04 15:16:25,692]   [多單] 準確率:68.4%  精確率:69.5%  AUC:74.8%
[2026-05-04 15:16:27,225]   [空單] 準確率:67.0%  精確率:64.2%  AUC:74.3%
[2026-05-04 15:16:27,277] ── 快速回測 ──
[2026-05-04 15:16:27,353]   快速回測 → 多單: 73.9% (736筆)  空單: 71.6% (1551筆)
[2026-05-04 15:16:27,356]   各階段勝率: {0: '72.2%(2123)', 2: '71.8%(39)', 3: '71.4%(28)', 41: '75.0%(4)', 42: '76.3%(93)'}
[2026-05-04 15:16:27,358] ── 反饋調整 ──
[2026-05-04 15:16:27,359]   全局勝率優秀，整體權重小幅提升 +2%
[2026-05-04 15:16:27,359]   Stage 0 勝率=72.2% 優秀 → 樣本加權 ×1.5
[2026-05-04 15:16:27,359]   Stage 2 勝率=71.8% 優秀 → 樣本加權 ×1.5
[2026-05-04 15:16:27,359]   Stage 3 勝率=71.4% 優秀 → 樣本加權 ×1.5
[2026-05-04 15:16:27,360]   Stage 42 勝率=76.3% 優秀 → 樣本加權 ×1.5
[2026-05-04 15:16:27,362] 
════════════════════════════════════════════════════════════
[2026-05-04 15:16:27,362]      代     多AUC     空AUC      多勝率      空勝率      平均權重
[2026-05-04 15:16:27,362] ────────────────────────────────────────────────────────────
[2026-05-04 15:16:27,362]   Gen  1    75.4%    75.6%     77.5%     73.5%  1.043
[2026-05-04 15:16:27,363]   Gen  2    74.8%    74.3%     73.9%     71.6%  1.594
[2026-05-04 15:16:27,363] ────────────────────────────────────────────────────────────
[2026-05-04 15:16:27,363]   🏆 最佳代數: Gen1  多勝率=77.5%  空勝率=73.5%
[2026-05-04 15:16:27,363] ════════════════════════════════════════════════════════════

[2026-05-04 15:16:27,363]   本代耗時: 3.8s
[2026-05-04 15:16:27,364] 
━━━━━━━━━━━━━━━━━━━━━━━━━━━━━━━━━━━━━━━━━━━━━━━━━━━━━━━━━━━━
[2026-05-04 15:16:27,364] 🔁  Generation 3 / 10  [15:16:27]
[2026-05-04 15:16:27,364] ━━━━━━━━━━━━━━━━━━━━━━━━━━━━━━━━━━━━━━━━━━━━━━━━━━━━━━━━━━━━
[2026-05-04 15:16:27,364] ── 訓練 ──
[2026-05-04 15:16:27,366]   訓練樣本: 14,370  驗證: 3,593  平均權重: 2.438
[2026-05-04 15:16:29,019]   [多單] 準確率:68.7%  精確率:69.9%  AUC:75.1%
[2026-05-04 15:16:30,672]   [空單] 準確率:66.3%  精確率:63.8%  AUC:74.3%
[2026-05-04 15:16:30,729] ── 快速回測 ──
[2026-05-04 15:16:30,811]   快速回測 → 多單: 76.2% (722筆)  空單: 71.8% (1590筆)
[2026-05-04 15:16:30,814]   各階段勝率: {0: '72.8%(2149)', 2: '73.0%(37)', 3: '75.9%(29)', 41: '75.0%(4)', 42: '79.6%(93)'}
[2026-05-04 15:16:30,816] ── 反饋調整 ──
[2026-05-04 15:16:30,818]   全局勝率優秀，整體權重小幅提升 +2%
[2026-05-04 15:16:30,819]   Stage 0 勝率=72.8% 優秀 → 樣本加權 ×1.5
[2026-05-04 15:16:30,819]   Stage 2 勝率=73.0% 優秀 → 樣本加權 ×1.5
[2026-05-04 15:16:30,819]   Stage 3 勝率=75.9% 優秀 → 樣本加權 ×1.5
[2026-05-04 15:16:30,820]   Stage 42 勝率=79.6% 優秀 → 樣本加權 ×1.5
[2026-05-04 15:16:30,821] 
════════════════════════════════════════════════════════════
[2026-05-04 15:16:30,821]      代     多AUC     空AUC      多勝率      空勝率      平均權重
[2026-05-04 15:16:30,822] ────────────────────────────────────────────────────────────
[2026-05-04 15:16:30,822]   Gen  1    75.4%    75.6%     77.5%     73.5%  1.043
[2026-05-04 15:16:30,822]   Gen  2    74.8%    74.3%     73.9%     71.6%  1.594
[2026-05-04 15:16:30,822]   Gen  3    75.1%    74.3%     76.2%     71.8%  2.438
[2026-05-04 15:16:30,823] ────────────────────────────────────────────────────────────
[2026-05-04 15:16:30,823]   🏆 最佳代數: Gen1  多勝率=77.5%  空勝率=73.5%
[2026-05-04 15:16:30,823] ════════════════════════════════════════════════════════════

[2026-05-04 15:16:30,823]   本代耗時: 3.5s
[2026-05-04 15:16:30,823] 
━━━━━━━━━━━━━━━━━━━━━━━━━━━━━━━━━━━━━━━━━━━━━━━━━━━━━━━━━━━━
[2026-05-04 15:16:30,823] 🔁  Generation 4 / 10  [15:16:30]
[2026-05-04 15:16:30,823] ━━━━━━━━━━━━━━━━━━━━━━━━━━━━━━━━━━━━━━━━━━━━━━━━━━━━━━━━━━━━
[2026-05-04 15:16:30,824] ── 訓練 ──
[2026-05-04 15:16:30,826]   訓練樣本: 14,370  驗證: 3,593  平均權重: 3.663
[2026-05-04 15:16:34,243]   [多單] 準確率:67.9%  精確率:68.5%  AUC:74.6%
[2026-05-04 15:16:36,434]   [空單] 準確率:67.3%  精確率:64.2%  AUC:74.4%
[2026-05-04 15:16:36,496] ── 快速回測 ──
[2026-05-04 15:16:36,638]   快速回測 → 多單: 75.6% (726筆)  空單: 70.6% (1634筆)
[2026-05-04 15:16:36,645]   各階段勝率: {0: '71.9%(2195)', 2: '71.0%(38)', 3: '80.8%(26)', 41: '66.7%(3)', 42: '75.5%(98)'}
[2026-05-04 15:16:36,649] ── 反饋調整 ──
[2026-05-04 15:16:36,649]   全局勝率優秀，整體權重小幅提升 +2%
[2026-05-04 15:16:36,650]   Stage 0 勝率=71.9% 優秀 → 樣本加權 ×1.5
[2026-05-04 15:16:36,651]   Stage 2 勝率=71.0% 優秀 → 樣本加權 ×1.5
[2026-05-04 15:16:36,651]   Stage 3 勝率=80.8% 優秀 → 樣本加權 ×1.5
[2026-05-04 15:16:36,652]   Stage 42 勝率=75.5% 優秀 → 樣本加權 ×1.5
[2026-05-04 15:16:36,654] 
════════════════════════════════════════════════════════════
[2026-05-04 15:16:36,654]      代     多AUC     空AUC      多勝率      空勝率      平均權重
[2026-05-04 15:16:36,654] ────────────────────────────────────────────────────────────
[2026-05-04 15:16:36,654]   Gen  1    75.4%    75.6%     77.5%     73.5%  1.043
[2026-05-04 15:16:36,656]   Gen  2    74.8%    74.3%     73.9%     71.6%  1.594
[2026-05-04 15:16:36,656]   Gen  3    75.1%    74.3%     76.2%     71.8%  2.438
[2026-05-04 15:16:36,657]   Gen  4    74.6%    74.4%     75.6%     70.6%  3.663
[2026-05-04 15:16:36,657] ────────────────────────────────────────────────────────────
[2026-05-04 15:16:36,658]   🏆 最佳代數: Gen1  多勝率=77.5%  空勝率=73.5%
[2026-05-04 15:16:36,658] ════════════════════════════════════════════════════════════

[2026-05-04 15:16:36,659]   本代耗時: 5.8s
[2026-05-04 15:16:36,659] 
━━━━━━━━━━━━━━━━━━━━━━━━━━━━━━━━━━━━━━━━━━━━━━━━━━━━━━━━━━━━
[2026-05-04 15:16:36,659] 🔁  Generation 5 / 10  [15:16:36]
[2026-05-04 15:16:36,660] ━━━━━━━━━━━━━━━━━━━━━━━━━━━━━━━━━━━━━━━━━━━━━━━━━━━━━━━━━━━━
[2026-05-04 15:16:36,660] ── 訓練 ──
[2026-05-04 15:16:36,665]   訓練樣本: 14,370  驗證: 3,593  平均權重: 4.996
[2026-05-04 15:16:39,036]   [多單] 準確率:68.0%  精確率:68.9%  AUC:74.6%
[2026-05-04 15:16:41,504]   [空單] 準確率:67.0%  精確率:64.2%  AUC:74.6%
[2026-05-04 15:16:41,786] ── 快速回測 ──
[2026-05-04 15:16:41,926]   快速回測 → 多單: 76.1% (735筆)  空單: 71.9% (1543筆)
[2026-05-04 15:16:41,928]   各階段勝率: {0: '73.0%(2123)', 2: '74.3%(35)', 3: '80.8%(26)', 41: '50.0%(4)', 42: '76.7%(90)'}
[2026-05-04 15:16:41,931] ── 反饋調整 ──
[2026-05-04 15:16:41,932]   全局勝率優秀，整體權重小幅提升 +2%
[2026-05-04 15:16:41,933]   Stage 0 勝率=73.0% 優秀 → 樣本加權 ×1.5
[2026-05-04 15:16:41,935]   Stage 2 勝率=74.3% 優秀 → 樣本加權 ×1.5
[2026-05-04 15:16:41,935]   Stage 3 勝率=80.8% 優秀 → 樣本加權 ×1.5
[2026-05-04 15:16:41,935]   Stage 42 勝率=76.7% 優秀 → 樣本加權 ×1.5
[2026-05-04 15:16:41,939] 
════════════════════════════════════════════════════════════
[2026-05-04 15:16:41,940]      代     多AUC     空AUC      多勝率      空勝率      平均權重
[2026-05-04 15:16:41,940] ────────────────────────────────────────────────────────────
[2026-05-04 15:16:41,940]   Gen  1    75.4%    75.6%     77.5%     73.5%  1.043
[2026-05-04 15:16:41,940]   Gen  2    74.8%    74.3%     73.9%     71.6%  1.594
[2026-05-04 15:16:41,941]   Gen  3    75.1%    74.3%     76.2%     71.8%  2.438
[2026-05-04 15:16:41,941]   Gen  4    74.6%    74.4%     75.6%     70.6%  3.663
[2026-05-04 15:16:41,941]   Gen  5    74.5%    74.6%     76.0%     71.9%  4.996
[2026-05-04 15:16:41,942] ────────────────────────────────────────────────────────────
[2026-05-04 15:16:41,942]   🏆 最佳代數: Gen1  多勝率=77.5%  空勝率=73.5%
[2026-05-04 15:16:41,942] ════════════════════════════════════════════════════════════

[2026-05-04 15:16:41,942]   本代耗時: 5.3s
[2026-05-04 15:16:41,942] 
━━━━━━━━━━━━━━━━━━━━━━━━━━━━━━━━━━━━━━━━━━━━━━━━━━━━━━━━━━━━
[2026-05-04 15:16:41,942] 🔁  Generation 6 / 10  [15:16:41]
[2026-05-04 15:16:41,943] ━━━━━━━━━━━━━━━━━━━━━━━━━━━━━━━━━━━━━━━━━━━━━━━━━━━━━━━━━━━━
[2026-05-04 15:16:41,943] ── 訓練 ──
[2026-05-04 15:16:41,946]   訓練樣本: 14,370  驗證: 3,593  平均權重: 4.996
[2026-05-04 15:16:47,068]   [多單] 準確率:68.6%  精確率:69.6%  AUC:74.9%
[2026-05-04 15:16:50,386]   [空單] 準確率:68.0%  精確率:65.2%  AUC:75.1%
[2026-05-04 15:16:50,451] ── 快速回測 ──
[2026-05-04 15:16:50,528]   快速回測 → 多單: 75.9% (709筆)  空單: 71.4% (1539筆)
[2026-05-04 15:16:50,532]   各階段勝率: {0: '72.5%(2093)', 2: '74.3%(35)', 3: '74.1%(27)', 41: '75.0%(4)', 42: '79.8%(89)'}
[2026-05-04 15:16:50,535] ── 反饋調整 ──
[2026-05-04 15:16:50,536]   全局勝率優秀，整體權重小幅提升 +2%
[2026-05-04 15:16:50,537]   Stage 0 勝率=72.5% 優秀 → 樣本加權 ×1.5
[2026-05-04 15:16:50,537]   Stage 2 勝率=74.3% 優秀 → 樣本加權 ×1.5
[2026-05-04 15:16:50,537]   Stage 3 勝率=74.1% 優秀 → 樣本加權 ×1.5
[2026-05-04 15:16:50,538]   Stage 42 勝率=79.8% 優秀 → 樣本加權 ×1.5
[2026-05-04 15:16:50,539] 
════════════════════════════════════════════════════════════
[2026-05-04 15:16:50,540]      代     多AUC     空AUC      多勝率      空勝率      平均權重
[2026-05-04 15:16:50,540] ────────────────────────────────────────────────────────────
[2026-05-04 15:16:50,540]   Gen  1    75.4%    75.6%     77.5%     73.5%  1.043
[2026-05-04 15:16:50,540]   Gen  2    74.8%    74.3%     73.9%     71.6%  1.594
[2026-05-04 15:16:50,541]   Gen  3    75.1%    74.3%     76.2%     71.8%  2.438
[2026-05-04 15:16:50,541]   Gen  4    74.6%    74.4%     75.6%     70.6%  3.663
[2026-05-04 15:16:50,541]   Gen  5    74.5%    74.6%     76.0%     71.9%  4.996
[2026-05-04 15:16:50,541]   Gen  6    74.9%    75.1%     75.9%     71.4%  4.996
[2026-05-04 15:16:50,542] ────────────────────────────────────────────────────────────
[2026-05-04 15:16:50,542]   🏆 最佳代數: Gen1  多勝率=77.5%  空勝率=73.5%
[2026-05-04 15:16:50,542] ════════════════════════════════════════════════════════════

[2026-05-04 15:16:50,542]   本代耗時: 8.6s
[2026-05-04 15:16:50,542] 
━━━━━━━━━━━━━━━━━━━━━━━━━━━━━━━━━━━━━━━━━━━━━━━━━━━━━━━━━━━━
[2026-05-04 15:16:50,543] 🔁  Generation 7 / 10  [15:16:50]
[2026-05-04 15:16:50,543] ━━━━━━━━━━━━━━━━━━━━━━━━━━━━━━━━━━━━━━━━━━━━━━━━━━━━━━━━━━━━
[2026-05-04 15:16:50,543] ── 訓練 ──
[2026-05-04 15:16:50,546]   訓練樣本: 14,370  驗證: 3,593  平均權重: 4.996
[2026-05-04 15:16:53,840]   [多單] 準確率:68.5%  精確率:69.5%  AUC:75.2%
[2026-05-04 15:16:56,287]   [空單] 準確率:67.6%  精確率:64.8%  AUC:75.0%
[2026-05-04 15:16:56,353] ── 快速回測 ──
[2026-05-04 15:16:56,449]   快速回測 → 多單: 76.6% (717筆)  空單: 72.2% (1528筆)
[2026-05-04 15:16:56,455]   各階段勝率: {0: '73.1%(2094)', 2: '74.3%(35)', 3: '82.8%(29)', 41: '75.0%(4)', 42: '81.9%(83)'}
[2026-05-04 15:16:56,459] ── 反饋調整 ──
[2026-05-04 15:16:56,460]   全局勝率優秀，整體權重小幅提升 +2%
[2026-05-04 15:16:56,461]   Stage 0 勝率=73.1% 優秀 → 樣本加權 ×1.5
[2026-05-04 15:16:56,461]   Stage 2 勝率=74.3% 優秀 → 樣本加權 ×1.5
[2026-05-04 15:16:56,463]   Stage 3 勝率=82.8% 優秀 → 樣本加權 ×1.5
[2026-05-04 15:16:56,463]   Stage 42 勝率=81.9% 優秀 → 樣本加權 ×1.5
[2026-05-04 15:16:56,464] 
════════════════════════════════════════════════════════════
[2026-05-04 15:16:56,464]      代     多AUC     空AUC      多勝率      空勝率      平均權重
[2026-05-04 15:16:56,464] ────────────────────────────────────────────────────────────
[2026-05-04 15:16:56,464]   Gen  1    75.4%    75.6%     77.5%     73.5%  1.043
[2026-05-04 15:16:56,464]   Gen  2    74.8%    74.3%     73.9%     71.6%  1.594
[2026-05-04 15:16:56,464]   Gen  3    75.1%    74.3%     76.2%     71.8%  2.438
[2026-05-04 15:16:56,464]   Gen  4    74.6%    74.4%     75.6%     70.6%  3.663
[2026-05-04 15:16:56,464]   Gen  5    74.5%    74.6%     76.0%     71.9%  4.996
[2026-05-04 15:16:56,464]   Gen  6    74.9%    75.1%     75.9%     71.4%  4.996
[2026-05-04 15:16:56,466]   Gen  7    75.2%    75.0%     76.6%     72.2%  4.996
[2026-05-04 15:16:56,466] ────────────────────────────────────────────────────────────
[2026-05-04 15:16:56,467]   🏆 最佳代數: Gen1  多勝率=77.5%  空勝率=73.5%
[2026-05-04 15:16:56,467] ════════════════════════════════════════════════════════════

[2026-05-04 15:16:56,467]   本代耗時: 5.9s
[2026-05-04 15:16:56,467] 
━━━━━━━━━━━━━━━━━━━━━━━━━━━━━━━━━━━━━━━━━━━━━━━━━━━━━━━━━━━━
[2026-05-04 15:16:56,468] 🔁  Generation 8 / 10  [15:16:56]
[2026-05-04 15:16:56,468] ━━━━━━━━━━━━━━━━━━━━━━━━━━━━━━━━━━━━━━━━━━━━━━━━━━━━━━━━━━━━
[2026-05-04 15:16:56,468] ── 訓練 ──
[2026-05-04 15:16:56,471]   訓練樣本: 14,370  驗證: 3,593  平均權重: 4.996
[2026-05-04 15:16:58,162]   [多單] 準確率:68.2%  精確率:69.1%  AUC:75.1%
[2026-05-04 15:16:59,884]   [空單] 準確率:67.4%  精確率:64.4%  AUC:74.9%
[2026-05-04 15:16:59,946] ── 快速回測 ──
[2026-05-04 15:17:00,035]   快速回測 → 多單: 76.0% (720筆)  空單: 71.8% (1633筆)
[2026-05-04 15:17:00,039]   各階段勝率: {0: '73.0%(2190)', 2: '70.6%(34)', 3: '66.7%(33)', 41: '66.7%(3)', 42: '78.5%(93)'}
[2026-05-04 15:17:00,040] ── 反饋調整 ──
[2026-05-04 15:17:00,040]   全局勝率優秀，整體權重小幅提升 +2%
[2026-05-04 15:17:00,041]   Stage 0 勝率=73.0% 優秀 → 樣本加權 ×1.5
[2026-05-04 15:17:00,042]   Stage 2 勝率=70.6% 優秀 → 樣本加權 ×1.5
[2026-05-04 15:17:00,042]   Stage 42 勝率=78.5% 優秀 → 樣本加權 ×1.5
[2026-05-04 15:17:00,044] 
════════════════════════════════════════════════════════════
[2026-05-04 15:17:00,044]      代     多AUC     空AUC      多勝率      空勝率      平均權重
[2026-05-04 15:17:00,046] ────────────────────────────────────────────────────────────
[2026-05-04 15:17:00,046]   Gen  1    75.4%    75.6%     77.5%     73.5%  1.043
[2026-05-04 15:17:00,046]   Gen  2    74.8%    74.3%     73.9%     71.6%  1.594
[2026-05-04 15:17:00,046]   Gen  3    75.1%    74.3%     76.2%     71.8%  2.438
[2026-05-04 15:17:00,046]   Gen  4    74.6%    74.4%     75.6%     70.6%  3.663
[2026-05-04 15:17:00,046]   Gen  5    74.5%    74.6%     76.0%     71.9%  4.996
[2026-05-04 15:17:00,046]   Gen  6    74.9%    75.1%     75.9%     71.4%  4.996
[2026-05-04 15:17:00,046]   Gen  7    75.2%    75.0%     76.6%     72.2%  4.996
[2026-05-04 15:17:00,046]   Gen  8    75.1%    74.9%     76.0%     71.8%  4.996
[2026-05-04 15:17:00,046] ────────────────────────────────────────────────────────────
[2026-05-04 15:17:00,046]   🏆 最佳代數: Gen1  多勝率=77.5%  空勝率=73.5%
[2026-05-04 15:17:00,047] ════════════════════════════════════════════════════════════

[2026-05-04 15:17:00,047]   本代耗時: 3.6s
[2026-05-04 15:17:00,047] 
━━━━━━━━━━━━━━━━━━━━━━━━━━━━━━━━━━━━━━━━━━━━━━━━━━━━━━━━━━━━
[2026-05-04 15:17:00,047] 🔁  Generation 9 / 10  [15:17:00]
[2026-05-04 15:17:00,047] ━━━━━━━━━━━━━━━━━━━━━━━━━━━━━━━━━━━━━━━━━━━━━━━━━━━━━━━━━━━━
[2026-05-04 15:17:00,047] ── 訓練 ──
[2026-05-04 15:17:00,049]   訓練樣本: 14,370  驗證: 3,593  平均權重: 4.998
[2026-05-04 15:17:01,903]   [多單] 準確率:69.2%  精確率:70.3%  AUC:75.0%
[2026-05-04 15:17:03,646]   [空單] 準確率:68.7%  精確率:65.8%  AUC:75.1%
[2026-05-04 15:17:03,708] ── 快速回測 ──
[2026-05-04 15:17:03,788]   快速回測 → 多單: 76.4% (713筆)  空單: 72.3% (1540筆)
[2026-05-04 15:17:03,792]   各階段勝率: {0: '73.4%(2090)', 2: '73.0%(37)', 3: '75.0%(28)', 41: '75.0%(4)', 42: '77.7%(94)'}
[2026-05-04 15:17:03,793] ── 反饋調整 ──
[2026-05-04 15:17:03,793]   全局勝率優秀，整體權重小幅提升 +2%
[2026-05-04 15:17:03,793]   Stage 0 勝率=73.4% 優秀 → 樣本加權 ×1.5
[2026-05-04 15:17:03,794]   Stage 2 勝率=73.0% 優秀 → 樣本加權 ×1.5
[2026-05-04 15:17:03,794]   Stage 3 勝率=75.0% 優秀 → 樣本加權 ×1.5
[2026-05-04 15:17:03,794]   Stage 42 勝率=77.7% 優秀 → 樣本加權 ×1.5
[2026-05-04 15:17:03,796] 
════════════════════════════════════════════════════════════
[2026-05-04 15:17:03,796]      代     多AUC     空AUC      多勝率      空勝率      平均權重
[2026-05-04 15:17:03,796] ────────────────────────────────────────────────────────────
[2026-05-04 15:17:03,796]   Gen  1    75.4%    75.6%     77.5%     73.5%  1.043
[2026-05-04 15:17:03,797]   Gen  2    74.8%    74.3%     73.9%     71.6%  1.594
[2026-05-04 15:17:03,797]   Gen  3    75.1%    74.3%     76.2%     71.8%  2.438
[2026-05-04 15:17:03,797]   Gen  4    74.6%    74.4%     75.6%     70.6%  3.663
[2026-05-04 15:17:03,797]   Gen  5    74.5%    74.6%     76.0%     71.9%  4.996
[2026-05-04 15:17:03,797]   Gen  6    74.9%    75.1%     75.9%     71.4%  4.996
[2026-05-04 15:17:03,797]   Gen  7    75.2%    75.0%     76.6%     72.2%  4.996
[2026-05-04 15:17:03,797]   Gen  8    75.1%    74.9%     76.0%     71.8%  4.996
[2026-05-04 15:17:03,798]   Gen  9    75.0%    75.1%     76.4%     72.3%  4.998
[2026-05-04 15:17:03,798] ────────────────────────────────────────────────────────────
[2026-05-04 15:17:03,798]   🏆 最佳代數: Gen1  多勝率=77.5%  空勝率=73.5%
[2026-05-04 15:17:03,799] ════════════════════════════════════════════════════════════

[2026-05-04 15:17:03,799]   本代耗時: 3.7s
[2026-05-04 15:17:03,799] 
━━━━━━━━━━━━━━━━━━━━━━━━━━━━━━━━━━━━━━━━━━━━━━━━━━━━━━━━━━━━
[2026-05-04 15:17:03,799] 🔁  Generation 10 / 10  [15:17:03]
[2026-05-04 15:17:03,799] ━━━━━━━━━━━━━━━━━━━━━━━━━━━━━━━━━━━━━━━━━━━━━━━━━━━━━━━━━━━━
[2026-05-04 15:17:03,799] ── 訓練 ──
[2026-05-04 15:17:03,801]   訓練樣本: 14,370  驗證: 3,593  平均權重: 4.996
[2026-05-04 15:17:06,189]   [多單] 準確率:68.2%  精確率:69.4%  AUC:74.7%
[2026-05-04 15:17:07,792]   [空單] 準確率:67.1%  精確率:64.3%  AUC:75.2%
[2026-05-04 15:17:07,849] ── 快速回測 ──
[2026-05-04 15:17:07,932]   快速回測 → 多單: 76.7% (699筆)  空單: 72.5% (1573筆)
[2026-05-04 15:17:07,935]   各階段勝率: {0: '73.7%(2115)', 2: '74.3%(35)', 3: '67.9%(28)', 41: '66.7%(3)', 42: '79.1%(91)'}
[2026-05-04 15:17:07,938] ── 反饋調整 ──
[2026-05-04 15:17:07,938]   全局勝率優秀，整體權重小幅提升 +2%
[2026-05-04 15:17:07,939]   Stage 0 勝率=73.7% 優秀 → 樣本加權 ×1.5
[2026-05-04 15:17:07,939]   Stage 2 勝率=74.3% 優秀 → 樣本加權 ×1.5
[2026-05-04 15:17:07,939]   Stage 42 勝率=79.1% 優秀 → 樣本加權 ×1.5
[2026-05-04 15:17:07,941] 
════════════════════════════════════════════════════════════
[2026-05-04 15:17:07,942]      代     多AUC     空AUC      多勝率      空勝率      平均權重
[2026-05-04 15:17:07,942] ────────────────────────────────────────────────────────────
[2026-05-04 15:17:07,942]   Gen  1    75.4%    75.6%     77.5%     73.5%  1.043
[2026-05-04 15:17:07,942]   Gen  2    74.8%    74.3%     73.9%     71.6%  1.594
[2026-05-04 15:17:07,942]   Gen  3    75.1%    74.3%     76.2%     71.8%  2.438
[2026-05-04 15:17:07,942]   Gen  4    74.6%    74.4%     75.6%     70.6%  3.663
[2026-05-04 15:17:07,942]   Gen  5    74.5%    74.6%     76.0%     71.9%  4.996
[2026-05-04 15:17:07,943]   Gen  6    74.9%    75.1%     75.9%     71.4%  4.996
[2026-05-04 15:17:07,943]   Gen  7    75.2%    75.0%     76.6%     72.2%  4.996
[2026-05-04 15:17:07,943]   Gen  8    75.1%    74.9%     76.0%     71.8%  4.996
[2026-05-04 15:17:07,943]   Gen  9    75.0%    75.1%     76.4%     72.3%  4.998
[2026-05-04 15:17:07,943]   Gen 10    74.7%    75.2%     76.7%     72.5%  4.996
[2026-05-04 15:17:07,943] ────────────────────────────────────────────────────────────
[2026-05-04 15:17:07,943]   🏆 最佳代數: Gen1  多勝率=77.5%  空勝率=73.5%
[2026-05-04 15:17:07,943] ════════════════════════════════════════════════════════════

[2026-05-04 15:17:07,943]   本代耗時: 4.1s
[2026-05-04 15:17:07,943] 
════════════════════════════════════════════════════════════
[2026-05-04 15:17:07,943] 🎉  演化訓練完成！共執行 10 代
[2026-05-04 15:17:07,943]     最終模型已存至: C:\Users\user\Documents\projects\gold\ml_engine\models
[2026-05-04 15:17:07,944]     歷史記錄: C:\Users\user\Documents\projects\gold\ml_engine\evolution_history.json
[2026-05-04 15:17:07,944]     重新啟動 main.py 即可使用最新大腦！
[2026-05-04 15:17:07,944] ════════════════════════════════════════════════════════════
